#
# There is insufficient memory for the Java Runtime Environment to continue.
# Native memory allocation (malloc) failed to allocate 1523536 bytes for Chunk::new
# Possible reasons:
#   The system is out of physical RAM or swap space
#   The process is running with CompressedOops enabled, and the Java Heap may be blocking the growth of the native heap
# Possible solutions:
#   Reduce memory load on the system
#   Increase physical memory or swap space
#   Check if swap backing store is full
#   Decrease Java heap size (-Xmx/-Xms)
#   Decrease number of Java threads
#   Decrease Java thread stack sizes (-Xss)
#   Set larger code cache with -XX:ReservedCodeCacheSize=
#   JVM is running with Unscaled Compressed Oops mode in which the Java heap is
#     placed in the first 4GB address space. The Java Heap base address is the
#     maximum limit for the native heap growth. Please use -XX:HeapBaseMinAddress
#     to set the Java Heap base and to place the Java Heap above 4GB virtual address.
# This output file may be truncated or incomplete.
#
#  Out of Memory Error (allocation.cpp:389), pid=9372, tid=0x00000000000015b0
#
# JRE version: OpenJDK Runtime Environment (8.0_242-b01) (build 1.8.0_242-release-1644-b01)
# Java VM: OpenJDK 64-Bit Server VM (25.242-b01 mixed mode windows-amd64 compressed oops)
# Failed to write core dump. Minidumps are not enabled by default on client versions of Windows
#

---------------  T H R E A D  ---------------

Current thread (0x000000001681b000):  JavaThread "C2 CompilerThread1" daemon [_thread_in_native, id=5552, stack(0x0000000017f90000,0x0000000018090000)]

Stack: [0x0000000017f90000,0x0000000018090000]
[error occurred during error reporting (printing stack bounds), id 0xc0000005]

Native frames: (J=compiled Java code, j=interpreted, Vv=VM code, C=native code)


Current CompileTask:
C2:25998431 32457       4       groovyjarjarasm.asm.ClassReader::readCode (5089 bytes)


---------------  P R O C E S S  ---------------

Java Threads: ( => current thread )
  0x0000000019ca1000 JavaThread "Build operations Thread 4" [_thread_blocked, id=10708, stack(0x000000005cb90000,0x000000005cc90000)]
  0x0000000019ca0800 JavaThread "Build operations Thread 3" [_thread_blocked, id=6432, stack(0x000000005ca90000,0x000000005cb90000)]
  0x0000000019c9e800 JavaThread "Build operations Thread 2" [_thread_blocked, id=10956, stack(0x000000005c990000,0x000000005ca90000)]
  0x0000000019ca5800 JavaThread "Build operations" [_thread_blocked, id=11976, stack(0x000000005c890000,0x000000005c990000)]
  0x0000000019ca5000 JavaThread "Cache worker for cache directory md-rule (C:\Users\nsr\.gradle\caches\6.1.1\md-rule)" [_thread_blocked, id=6068, stack(0x000000005c790000,0x000000005c890000)]
  0x0000000019c9d000 JavaThread "Cache worker for cache directory md-supplier (C:\Users\nsr\.gradle\caches\6.1.1\md-supplier)" [_thread_blocked, id=11192, stack(0x000000005c690000,0x000000005c790000)]
  0x0000000019ca4000 JavaThread "Cache worker for file hash cache (C:\Users\nsr\Desktop\ZP Photo Editor\.gradle\6.1.1\fileHashes)" [_thread_blocked, id=5448, stack(0x000000005c590000,0x000000005c690000)]
  0x0000000019ca2800 JavaThread "Cache worker for checksums cache (C:\Users\nsr\Desktop\ZP Photo Editor\.gradle\checksums)" [_thread_blocked, id=5356, stack(0x000000005c490000,0x000000005c590000)]
  0x0000000019c9e000 JavaThread "Thread-652" [_thread_blocked, id=11076, stack(0x000000005c390000,0x000000005c490000)]
  0x0000000019ca2000 JavaThread "Asynchronous log dispatcher for DefaultDaemonConnection: socket connection from /127.0.0.1:54456 to /127.0.0.1:64472" [_thread_blocked, id=11320, stack(0x000000005c190000,0x000000005c290000)]
  0x0000000019a1e000 JavaThread "Daemon worker Thread 24" [_thread_blocked, id=4988, stack(0x000000005c090000,0x000000005c190000)]
  0x0000000019a24000 JavaThread "Cancel handler" [_thread_blocked, id=7708, stack(0x000000005bf90000,0x000000005c090000)]
  0x0000000019a22800 JavaThread "Handler for socket connection from /127.0.0.1:54456 to /127.0.0.1:64472" [_thread_in_native, id=11176, stack(0x000000005be90000,0x000000005bf90000)]
  0x0000000019a21800 JavaThread "Daemon Thread 24" [_thread_blocked, id=10216, stack(0x000000005bd90000,0x000000005be90000)]
  0x0000000019ca3800 JavaThread "Cache worker for Java compile cache (C:\Users\nsr\.gradle\caches\6.1.1\javaCompile)" [_thread_blocked, id=3108, stack(0x0000000025050000,0x0000000025150000)]
  0x000000001cf96800 JavaThread "Cache worker for file content cache (C:\Users\nsr\.gradle\caches\6.1.1\fileContent)" [_thread_blocked, id=2288, stack(0x0000000023850000,0x0000000023950000)]
  0x000000001cf96000 JavaThread "Memory manager" [_thread_blocked, id=7080, stack(0x00000000224a0000,0x00000000225a0000)]
  0x0000000019a1d000 JavaThread "Cache worker for execution history cache (C:\Users\nsr\.gradle\caches\6.1.1\executionHistory)" [_thread_blocked, id=9504, stack(0x000000001e0b0000,0x000000001e1b0000)]
  0x0000000019a1e800 JavaThread "Cache worker for file hash cache (C:\Users\nsr\.gradle\caches\6.1.1\fileHashes)" [_thread_blocked, id=9664, stack(0x000000001c5e0000,0x000000001c6e0000)]
  0x0000000019a21000 JavaThread "File lock request listener" [_thread_in_native, id=2176, stack(0x000000001b510000,0x000000001b610000)]
  0x0000000019a1c000 JavaThread "Cache worker for journal cache (C:\Users\nsr\.gradle\caches\journal-1)" [_thread_blocked, id=2372, stack(0x000000001b410000,0x000000001b510000)]
  0x00000000191d5000 JavaThread "Daemon periodic checks" [_thread_blocked, id=5328, stack(0x000000001a810000,0x000000001a910000)]
  0x00000000191f6000 JavaThread "Incoming local TCP Connector on port 54456" [_thread_in_native, id=628, stack(0x000000001a5a0000,0x000000001a6a0000)]
  0x0000000019534000 JavaThread "Daemon health stats" [_thread_blocked, id=8416, stack(0x0000000019f60000,0x000000001a060000)]
  0x000000001686e800 JavaThread "Service Thread" daemon [_thread_blocked, id=3928, stack(0x0000000018590000,0x0000000018690000)]
  0x0000000016823800 JavaThread "C1 CompilerThread2" daemon [_thread_blocked, id=7848, stack(0x0000000018090000,0x0000000018190000)]
=>0x000000001681b000 JavaThread "C2 CompilerThread1" daemon [_thread_in_native, id=5552, stack(0x0000000017f90000,0x0000000018090000)]
  0x0000000016811000 JavaThread "C2 CompilerThread0" daemon [_thread_blocked, id=3420, stack(0x0000000017e90000,0x0000000017f90000)]
  0x0000000016810000 JavaThread "Attach Listener" daemon [_thread_blocked, id=2480, stack(0x0000000017d90000,0x0000000017e90000)]
  0x0000000016814800 JavaThread "Signal Dispatcher" daemon [_thread_blocked, id=3476, stack(0x0000000017c90000,0x0000000017d90000)]
  0x0000000002e9b000 JavaThread "Finalizer" daemon [_thread_blocked, id=7312, stack(0x0000000017a70000,0x0000000017b70000)]
  0x00000000167f9000 JavaThread "Reference Handler" daemon [_thread_blocked, id=8348, stack(0x0000000017970000,0x0000000017a70000)]
  0x0000000002b0d800 JavaThread "main" [_thread_blocked, id=3380, stack(0x0000000002ca0000,0x0000000002da0000)]

Other Threads:
  0x00000000167d6000 VMThread [stack: 0x0000000017870000,0x0000000017970000] [id=9580]
  0x00000000181a8800 WatcherThread [stack: 0x0000000018690000,0x0000000018790000] [id=5736]

VM state:at safepoint (normal execution)

VM Mutex/Monitor currently owned by a thread:  ([mutex/lock_event])
[0x0000000002b0ccc0] Threads_lock - owner thread: 0x00000000167d6000
[0x0000000002b0cfc0] Heap_lock - owner thread: 0x0000000019a1e000

heap address: 0x00000000a0000000, size: 1536 MB, Compressed Oops mode: 32-bit
Narrow klass base: 0x0000000000000000, Narrow klass shift: 3
Compressed class space size: 1073741824 Address: 0x0000000100000000

Heap:
 PSYoungGen      total 399360K, used 300955K [0x00000000e0000000, 0x0000000100000000, 0x0000000100000000)
  eden space 302080K, 71% used [0x00000000e0000000,0x00000000ed1cd740,0x00000000f2700000)
  from space 97280K, 88% used [0x00000000f9480000,0x00000000fe8995c0,0x00000000ff380000)
  to   space 111104K, 0% used [0x00000000f2700000,0x00000000f2718000,0x00000000f9380000)
 ParOldGen       total 167424K, used 62986K [0x00000000a0000000, 0x00000000aa380000, 0x00000000e0000000)
  object space 167424K, 37% used [0x00000000a0000000,0x00000000a3d82b10,0x00000000aa380000)
 Metaspace       used 112791K, capacity 120572K, committed 120744K, reserved 1159168K
  class space    used 14288K, capacity 15630K, committed 15792K, reserved 1048576K

Card table byte_map: [0x0000000012260000,0x0000000012570000] byte_map_base: 0x0000000011d60000

Marking Bits: (ParMarkBitMap*) 0x000000006be3f030
 Begin Bits: [0x0000000012b70000, 0x0000000014370000)
 End Bits:   [0x0000000014370000, 0x0000000015b70000)

Polling page: 0x0000000002a10000

CodeCache: size=245760Kb used=86977Kb max_used=87002Kb free=158782Kb
 bounds [0x0000000002ea0000, 0x0000000008440000, 0x0000000011ea0000]
 total_blobs=24534 nmethods=23574 adapters=869
 compilation: enabled

Compilation events (10 events):
Event: 25986.900 Thread 0x0000000016811000 32456       4       groovyjarjarasm.asm.MethodVisitor::visitVarInsn (17 bytes)
Event: 25986.901 Thread 0x0000000016811000 nmethod 32456 0x00000000052c47d0 code [0x00000000052c4900, 0x00000000052c4978]
Event: 25987.185 Thread 0x0000000016823800 32455       1       org.codehaus.groovy.ast.CodeVisitorSupport::visitConstantExpression (1 bytes)
Event: 25987.185 Thread 0x0000000016823800 nmethod 32455 0x000000000841e490 code [0x000000000841e5e0, 0x000000000841e6f0]
Event: 25987.384 Thread 0x000000001681b000 32457       4       groovyjarjarasm.asm.ClassReader::readCode (5089 bytes)
Event: 25991.016 Thread 0x0000000016811000 32458       4       groovyjarjarasm.asm.MethodVisitor::visitLabel (16 bytes)
Event: 25991.323 Thread 0x0000000016811000 nmethod 32458 0x0000000005344f10 code [0x0000000005345040, 0x00000000053450b8]
Event: 25991.435 Thread 0x0000000016811000 32462       4       org.codehaus.groovy.ast.ClassNode::getSuperClass (70 bytes)
Event: 25993.044 Thread 0x0000000016811000 nmethod 32462 0x00000000059c0710 code [0x00000000059c0880, 0x00000000059c0a08]
Event: 25997.297 Thread 0x0000000016811000 32471       4       org.codehaus.groovy.ast.ClassNode::getUnresolvedSuperClass (34 bytes)

GC Heap History (10 events):
Event: 23290.113 GC heap before
{Heap before GC invocations=167 (full 14):
 PSYoungGen      total 414720K, used 316283K [0x00000000e0000000, 0x0000000100000000, 0x0000000100000000)
  eden space 302080K, 100% used [0x00000000e0000000,0x00000000f2700000,0x00000000f2700000)
  from space 112640K, 12% used [0x00000000f9200000,0x00000000f9fdec88,0x0000000100000000)
  to   space 109568K, 0% used [0x00000000f2700000,0x00000000f2700000,0x00000000f9200000)
 ParOldGen       total 167424K, used 114198K [0x00000000a0000000, 0x00000000aa380000, 0x00000000e0000000)
  object space 167424K, 68% used [0x00000000a0000000,0x00000000a6f85a70,0x00000000aa380000)
 Metaspace       used 111837K, capacity 119412K, committed 119592K, reserved 1153024K
  class space    used 14184K, capacity 15487K, committed 15664K, reserved 1048576K
Event: 23290.136 GC heap after
Heap after GC invocations=167 (full 14):
 PSYoungGen      total 310784K, used 8544K [0x00000000e0000000, 0x00000000ff800000, 0x0000000100000000)
  eden space 302080K, 0% used [0x00000000e0000000,0x00000000e0000000,0x00000000f2700000)
  from space 8704K, 98% used [0x00000000f2700000,0x00000000f2f58030,0x00000000f2f80000)
  to   space 107008K, 0% used [0x00000000f8f80000,0x00000000f8f80000,0x00000000ff800000)
 ParOldGen       total 167424K, used 114206K [0x00000000a0000000, 0x00000000aa380000, 0x00000000e0000000)
  object space 167424K, 68% used [0x00000000a0000000,0x00000000a6f87a70,0x00000000aa380000)
 Metaspace       used 111837K, capacity 119412K, committed 119592K, reserved 1153024K
  class space    used 14184K, capacity 15487K, committed 15664K, reserved 1048576K
}
Event: 24335.672 GC heap before
{Heap before GC invocations=168 (full 14):
 PSYoungGen      total 310784K, used 224172K [0x00000000e0000000, 0x00000000ff800000, 0x0000000100000000)
  eden space 302080K, 71% used [0x00000000e0000000,0x00000000ed293238,0x00000000f2700000)
  from space 8704K, 98% used [0x00000000f2700000,0x00000000f2f58030,0x00000000f2f80000)
  to   space 107008K, 0% used [0x00000000f8f80000,0x00000000f8f80000,0x00000000ff800000)
 ParOldGen       total 167424K, used 114206K [0x00000000a0000000, 0x00000000aa380000, 0x00000000e0000000)
  object space 167424K, 68% used [0x00000000a0000000,0x00000000a6f87a70,0x00000000aa380000)
 Metaspace       used 111905K, capacity 119488K, committed 119848K, reserved 1153024K
  class space    used 14185K, capacity 15489K, committed 15664K, reserved 1048576K
Event: 24337.252 GC heap after
Heap after GC invocations=168 (full 14):
 PSYoungGen      total 402944K, used 7776K [0x00000000e0000000, 0x00000000ff200000, 0x0000000100000000)
  eden space 302080K, 0% used [0x00000000e0000000,0x00000000e0000000,0x00000000f2700000)
  from space 100864K, 7% used [0x00000000f8f80000,0x00000000f9718030,0x00000000ff200000)
  to   space 103936K, 0% used [0x00000000f2700000,0x00000000f2700000,0x00000000f8c80000)
 ParOldGen       total 167424K, used 114214K [0x00000000a0000000, 0x00000000aa380000, 0x00000000e0000000)
  object space 167424K, 68% used [0x00000000a0000000,0x00000000a6f89a70,0x00000000aa380000)
 Metaspace       used 111905K, capacity 119488K, committed 119848K, reserved 1153024K
  class space    used 14185K, capacity 15489K, committed 15664K, reserved 1048576K
}
Event: 24337.252 GC heap before
{Heap before GC invocations=169 (full 15):
 PSYoungGen      total 402944K, used 7776K [0x00000000e0000000, 0x00000000ff200000, 0x0000000100000000)
  eden space 302080K, 0% used [0x00000000e0000000,0x00000000e0000000,0x00000000f2700000)
  from space 100864K, 7% used [0x00000000f8f80000,0x00000000f9718030,0x00000000ff200000)
  to   space 103936K, 0% used [0x00000000f2700000,0x00000000f2700000,0x00000000f8c80000)
 ParOldGen       total 167424K, used 114214K [0x00000000a0000000, 0x00000000aa380000, 0x00000000e0000000)
  object space 167424K, 68% used [0x00000000a0000000,0x00000000a6f89a70,0x00000000aa380000)
 Metaspace       used 111905K, capacity 119488K, committed 119848K, reserved 1153024K
  class space    used 14185K, capacity 15489K, committed 15664K, reserved 1048576K
Event: 24398.755 GC heap after
Heap after GC invocations=169 (full 15):
 PSYoungGen      total 402944K, used 0K [0x00000000e0000000, 0x00000000ff200000, 0x0000000100000000)
  eden space 302080K, 0% used [0x00000000e0000000,0x00000000e0000000,0x00000000f2700000)
  from space 100864K, 0% used [0x00000000f8f80000,0x00000000f8f80000,0x00000000ff200000)
  to   space 103936K, 0% used [0x00000000f2700000,0x00000000f2700000,0x00000000f8c80000)
 ParOldGen       total 167424K, used 62978K [0x00000000a0000000, 0x00000000aa380000, 0x00000000e0000000)
  object space 167424K, 37% used [0x00000000a0000000,0x00000000a3d80b10,0x00000000aa380000)
 Metaspace       used 111804K, capacity 119326K, committed 119848K, reserved 1153024K
  class space    used 14170K, capacity 15462K, committed 15664K, reserved 1048576K
}
Event: 25333.305 GC heap before
{Heap before GC invocations=170 (full 15):
 PSYoungGen      total 402944K, used 302080K [0x00000000e0000000, 0x00000000ff200000, 0x0000000100000000)
  eden space 302080K, 100% used [0x00000000e0000000,0x00000000f2700000,0x00000000f2700000)
  from space 100864K, 0% used [0x00000000f8f80000,0x00000000f8f80000,0x00000000ff200000)
  to   space 103936K, 0% used [0x00000000f2700000,0x00000000f2700000,0x00000000f8c80000)
 ParOldGen       total 167424K, used 62978K [0x00000000a0000000, 0x00000000aa380000, 0x00000000e0000000)
  object space 167424K, 37% used [0x00000000a0000000,0x00000000a3d80b10,0x00000000aa380000)
 Metaspace       used 112010K, capacity 119486K, committed 119848K, reserved 1153024K
  class space    used 14185K, capacity 15488K, committed 15664K, reserved 1048576K
Event: 25337.621 GC heap after
Heap after GC invocations=170 (full 15):
 PSYoungGen      total 406016K, used 26114K [0x00000000e0000000, 0x00000000ff380000, 0x0000000100000000)
  eden space 302080K, 0% used [0x00000000e0000000,0x00000000e0000000,0x00000000f2700000)
  from space 103936K, 25% used [0x00000000f2700000,0x00000000f4080970,0x00000000f8c80000)
  to   space 97280K, 0% used [0x00000000f9480000,0x00000000f9480000,0x00000000ff380000)
 ParOldGen       total 167424K, used 62978K [0x00000000a0000000, 0x00000000aa380000, 0x00000000e0000000)
  object space 167424K, 37% used [0x00000000a0000000,0x00000000a3d80b10,0x00000000aa380000)
 Metaspace       used 112010K, capacity 119486K, committed 119848K, reserved 1153024K
  class space    used 14185K, capacity 15488K, committed 15664K, reserved 1048576K
}
Event: 25355.526 GC heap before
{Heap before GC invocations=171 (full 15):
 PSYoungGen      total 406016K, used 328194K [0x00000000e0000000, 0x00000000ff380000, 0x0000000100000000)
  eden space 302080K, 100% used [0x00000000e0000000,0x00000000f2700000,0x00000000f2700000)
  from space 103936K, 25% used [0x00000000f2700000,0x00000000f4080970,0x00000000f8c80000)
  to   space 97280K, 0% used [0x00000000f9480000,0x00000000f9480000,0x00000000ff380000)
 ParOldGen       total 167424K, used 62978K [0x00000000a0000000, 0x00000000aa380000, 0x00000000e0000000)
  object space 167424K, 37% used [0x00000000a0000000,0x00000000a3d80b10,0x00000000aa380000)
 Metaspace       used 112042K, capacity 119554K, committed 119848K, reserved 1153024K
  class space    used 14185K, capacity 15488K, committed 15664K, reserved 1048576K
Event: 25362.019 GC heap after
Heap after GC invocations=171 (full 15):
 PSYoungGen      total 399360K, used 86117K [0x00000000e0000000, 0x0000000100000000, 0x0000000100000000)
  eden space 302080K, 0% used [0x00000000e0000000,0x00000000e0000000,0x00000000f2700000)
  from space 97280K, 88% used [0x00000000f9480000,0x00000000fe8995c0,0x00000000ff380000)
  to   space 111104K, 0% used [0x00000000f2700000,0x00000000f2700000,0x00000000f9380000)
 ParOldGen       total 167424K, used 62986K [0x00000000a0000000, 0x00000000aa380000, 0x00000000e0000000)
  object space 167424K, 37% used [0x00000000a0000000,0x00000000a3d82b10,0x00000000aa380000)
 Metaspace       used 112042K, capacity 119554K, committed 119848K, reserved 1153024K
  class space    used 14185K, capacity 15488K, committed 15664K, reserved 1048576K
}

Deoptimization events (10 events):
Event: 24399.561 Thread 0x0000000019a1e000 Uncommon trap: reason=bimorphic action=maybe_recompile pc=0x0000000005a2cc9c method=org.gradle.internal.logging.text.AbstractStyledTextOutput.text(Ljava/lang/Object;)Lorg/gradle/internal/logging/text/StyledTextOutput; @ 11
Event: 24401.472 Thread 0x0000000002e9b000 Uncommon trap: reason=unstable_if action=reinterpret pc=0x0000000003002d14 method=java.lang.ThreadLocal$ThreadLocalMap.remove(Ljava/lang/ThreadLocal;)V @ 26
Event: 24550.480 Thread 0x0000000019cab800 Uncommon trap: reason=unstable_if action=reinterpret pc=0x000000000548b86c method=sun.security.util.Cache$EqualByteArray.hashCode()I @ 6
Event: 25319.147 Thread 0x000000001c829000 Uncommon trap: reason=null_check action=make_not_entrant pc=0x00000000082eda68 method=org.gradle.api.internal.tasks.properties.bean.AbstractNestedRuntimeBeanNode$BeanPropertyValue.isProvider()Z @ 9
Event: 25350.563 Thread 0x000000001cf92000 Uncommon trap: reason=null_check action=make_not_entrant pc=0x0000000008374eb4 method=com.android.tools.r8.ir.conversion.o.a(II)Lcom/android/tools/r8/graph/r; @ 14
Event: 25851.058 Thread 0x0000000019a1e000 Uncommon trap: reason=bimorphic action=maybe_recompile pc=0x000000000485e568 method=com.google.common.cache.LocalCache$Segment.storeLoadedValue(Ljava/lang/Object;ILcom/google/common/cache/LocalCache$LoadingValueReference;Ljava/lang/Object;)Z @ 91
Event: 25979.994 Thread 0x0000000019a1e000 Uncommon trap: reason=class_check action=maybe_recompile pc=0x0000000007c5ece0 method=sun.reflect.DelegatingConstructorAccessorImpl.newInstance([Ljava/lang/Object;)Ljava/lang/Object; @ 5
Event: 25979.994 Thread 0x0000000019a1e000 Uncommon trap: reason=class_check action=maybe_recompile pc=0x0000000007c5ece0 method=sun.reflect.DelegatingConstructorAccessorImpl.newInstance([Ljava/lang/Object;)Ljava/lang/Object; @ 5
Event: 25979.994 Thread 0x0000000019a1e000 Uncommon trap: reason=class_check action=maybe_recompile pc=0x0000000007c5ece0 method=sun.reflect.DelegatingConstructorAccessorImpl.newInstance([Ljava/lang/Object;)Ljava/lang/Object; @ 5
Event: 25979.994 Thread 0x0000000019a1e000 Uncommon trap: reason=class_check action=maybe_recompile pc=0x0000000007c5ece0 method=sun.reflect.DelegatingConstructorAccessorImpl.newInstance([Ljava/lang/Object;)Ljava/lang/Object; @ 5

Classes redefined (0 events):
No events

Internal exceptions (10 events):
Event: 25915.654 Thread 0x0000000019a1e000 Exception <a 'java/lang/ClassNotFoundException': org/jetbrains/plugins/gradle/tooling/builder/ExternalProjectBuilderImplBeanInfo> (0x00000000eb96e600) thrown at [C:\src\AOSP-openjdk-git\hotspot\src\share\vm\classfile\systemDictionary.cpp, line 210]
Event: 25915.955 Thread 0x0000000019a1e000 Exception <a 'java/lang/ClassNotFoundException': org/jetbrains/plugins/gradle/tooling/builder/ExternalProjectBuilderImplCustomizer> (0x00000000eb97ccb8) thrown at [C:\src\AOSP-openjdk-git\hotspot\src\share\vm\classfile\systemDictionary.cpp, line 210]
Event: 25918.075 Thread 0x0000000019a1e000 Exception <a 'java/lang/ClassNotFoundException': org/jetbrains/plugins/gradle/tooling/builder/ExternalTestsModelBuilderImplBeanInfo> (0x00000000eb9e7d80) thrown at [C:\src\AOSP-openjdk-git\hotspot\src\share\vm\classfile\systemDictionary.cpp, line 210]
Event: 25918.077 Thread 0x0000000019a1e000 Exception <a 'java/lang/ClassNotFoundException': org/jetbrains/plugins/gradle/tooling/builder/ExternalTestsModelBuilderImplCustomizer> (0x00000000eb9f67d0) thrown at [C:\src\AOSP-openjdk-git\hotspot\src\share\vm\classfile\systemDictionary.cpp, line 210]
Event: 25920.278 Thread 0x0000000019a1e000 Exception <a 'java/lang/ClassNotFoundException': org/jetbrains/plugins/gradle/tooling/builder/ProjectExtensionsDataBuilderImplBeanInfo> (0x00000000eba74680) thrown at [C:\src\AOSP-openjdk-git\hotspot\src\share\vm\classfile\systemDictionary.cpp, line 210]
Event: 25920.458 Thread 0x0000000019a1e000 Exception <a 'java/lang/ClassNotFoundException': org/jetbrains/plugins/gradle/tooling/builder/ProjectExtensionsDataBuilderImplCustomizer> (0x00000000eba83958) thrown at [C:\src\AOSP-openjdk-git\hotspot\src\share\vm\classfile\systemDictionary.cpp, line 210
Event: 25920.630 Thread 0x0000000019a1e000 Exception <a 'java/lang/ClassNotFoundException': org/jetbrains/plugins/gradle/tooling/builder/IntelliJSettingsBuilderBeanInfo> (0x00000000ebac05a8) thrown at [C:\src\AOSP-openjdk-git\hotspot\src\share\vm\classfile\systemDictionary.cpp, line 210]
Event: 25920.675 Thread 0x0000000019a1e000 Exception <a 'java/lang/ClassNotFoundException': org/jetbrains/plugins/gradle/tooling/builder/IntelliJSettingsBuilderCustomizer> (0x00000000ebace910) thrown at [C:\src\AOSP-openjdk-git\hotspot\src\share\vm\classfile\systemDictionary.cpp, line 210]
Event: 25920.761 Thread 0x0000000019a1e000 Exception <a 'java/lang/ClassNotFoundException': org/jetbrains/plugins/gradle/tooling/builder/IntelliJProjectSettingsBuilderBeanInfo> (0x00000000ebb0cc28) thrown at [C:\src\AOSP-openjdk-git\hotspot\src\share\vm\classfile\systemDictionary.cpp, line 210]
Event: 25920.789 Thread 0x0000000019a1e000 Exception <a 'java/lang/ClassNotFoundException': org/jetbrains/plugins/gradle/tooling/builder/IntelliJProjectSettingsBuilderCustomizer> (0x00000000ebb1b838) thrown at [C:\src\AOSP-openjdk-git\hotspot\src\share\vm\classfile\systemDictionary.cpp, line 210]

Events (10 events):
Event: 25979.994 Thread 0x0000000019a1e000 DEOPT PACKING pc=0x0000000007c5ece0 sp=0x000000005c189750
Event: 25979.994 Thread 0x0000000019a1e000 DEOPT UNPACKING pc=0x0000000002ee557b sp=0x000000005c189640 mode 2
Event: 25980.602 Thread 0x0000000016823800 flushing nmethod 0x00000000043ca510
Event: 25980.626 Thread 0x0000000016823800 flushing nmethod 0x00000000043cd090
Event: 25982.352 Thread 0x0000000016823800 flushing nmethod 0x00000000045396d0
Event: 25989.475 Thread 0x0000000016823800 flushing nmethod 0x00000000049a0b50
Event: 25993.262 loading class org/codehaus/groovy/transform/BaseScriptASTTransformation
Event: 25993.262 loading class org/codehaus/groovy/transform/BaseScriptASTTransformation done
Event: 25995.229 Thread 0x0000000016823800 flushing nmethod 0x0000000004bb4f50
Event: 25995.591 Thread 0x0000000016823800 flushing nmethod 0x0000000004bb7a90


Dynamic libraries:
0x00007ff6dd1a0000 - 0x00007ff6dd1d1000 	C:\Program Files\Android\Android Studio\jre\bin\java.exe
0x00007ff820350000 - 0x00007ff82053d000 	C:\Windows\SYSTEM32\ntdll.dll
0x00007ff81e1c0000 - 0x00007ff81e273000 	C:\Windows\System32\KERNEL32.DLL
0x00007ff81caf0000 - 0x00007ff81cd83000 	C:\Windows\System32\KERNELBASE.dll
0x00007ff81da50000 - 0x00007ff81daf3000 	C:\Windows\System32\ADVAPI32.dll
0x00007ff81fa80000 - 0x00007ff81fb1e000 	C:\Windows\System32\msvcrt.dll
0x00007ff81db60000 - 0x00007ff81dbfe000 	C:\Windows\System32\sechost.dll
0x00007ff81fbe0000 - 0x00007ff81fd03000 	C:\Windows\System32\RPCRT4.dll
0x00007ff81d580000 - 0x00007ff81d717000 	C:\Windows\System32\USER32.dll
0x00007ff81cad0000 - 0x00007ff81caf0000 	C:\Windows\System32\win32u.dll
0x00007ff81e280000 - 0x00007ff81e2a9000 	C:\Windows\System32\GDI32.dll
0x00007ff81c910000 - 0x00007ff81caaa000 	C:\Windows\System32\gdi32full.dll
0x00007ff81cd90000 - 0x00007ff81ce30000 	C:\Windows\System32\msvcp_win.dll
0x00007ff81c790000 - 0x00007ff81c88c000 	C:\Windows\System32\ucrtbase.dll
0x00007ff809f20000 - 0x00007ff80a199000 	C:\Windows\WinSxS\amd64_microsoft.windows.common-controls_6595b64144ccf1df_6.0.17763.107_none_05b63884071e656e\COMCTL32.dll
0x00007ff81d720000 - 0x00007ff81da4e000 	C:\Windows\System32\combase.dll
0x00007ff81c890000 - 0x00007ff81c90e000 	C:\Windows\System32\bcryptPrimitives.dll
0x00007ff81e380000 - 0x00007ff81e3ae000 	C:\Windows\System32\IMM32.DLL
0x000000006a9a0000 - 0x000000006aa72000 	C:\Program Files\Android\Android Studio\jre\jre\bin\msvcr100.dll
0x000000006b670000 - 0x000000006bebb000 	C:\Program Files\Android\Android Studio\jre\jre\bin\server\jvm.dll
0x00007ff81e150000 - 0x00007ff81e158000 	C:\Windows\System32\PSAPI.DLL
0x00007ff81a420000 - 0x00007ff81a444000 	C:\Windows\SYSTEM32\WINMM.dll
0x00007ff812090000 - 0x00007ff81209a000 	C:\Windows\SYSTEM32\VERSION.dll
0x00007ff81a3f0000 - 0x00007ff81a41d000 	C:\Windows\SYSTEM32\winmmbase.dll
0x00007ff81c420000 - 0x00007ff81c46a000 	C:\Windows\System32\cfgmgr32.dll
0x00007ff80efe0000 - 0x00007ff80efe9000 	C:\Windows\SYSTEM32\WSOCK32.dll
0x00007ff81e000000 - 0x00007ff81e06d000 	C:\Windows\System32\ws2_32.DLL
0x00007ff80efd0000 - 0x00007ff80efdf000 	C:\Program Files\Android\Android Studio\jre\jre\bin\verify.dll
0x00007ff804db0000 - 0x00007ff804dd9000 	C:\Program Files\Android\Android Studio\jre\jre\bin\java.dll
0x00007ff80cad0000 - 0x00007ff80cae6000 	C:\Program Files\Android\Android Studio\jre\jre\bin\zip.dll
0x00007ff81e590000 - 0x00007ff81fa7f000 	C:\Windows\System32\SHELL32.dll
0x00007ff81e2b0000 - 0x00007ff81e358000 	C:\Windows\System32\shcore.dll
0x00007ff81ce30000 - 0x00007ff81d578000 	C:\Windows\System32\windows.storage.dll
0x00007ff81c370000 - 0x00007ff81c394000 	C:\Windows\System32\profapi.dll
0x00007ff81c3c0000 - 0x00007ff81c41d000 	C:\Windows\System32\powrprof.dll
0x00007ff81e160000 - 0x00007ff81e1b2000 	C:\Windows\System32\shlwapi.dll
0x00007ff81c350000 - 0x00007ff81c361000 	C:\Windows\System32\kernel.appcore.dll
0x00007ff81cab0000 - 0x00007ff81cac7000 	C:\Windows\System32\cryptsp.dll
0x00007ff808000000 - 0x00007ff80801a000 	C:\Program Files\Android\Android Studio\jre\jre\bin\net.dll
0x00007ff81bbe0000 - 0x00007ff81bc47000 	C:\Windows\system32\mswsock.dll
0x00007ff805550000 - 0x00007ff805563000 	C:\Program Files\Android\Android Studio\jre\jre\bin\nio.dll
0x00007ff807120000 - 0x00007ff807146000 	C:\Users\nsr\.gradle\native\31\windows-amd64\native-platform.dll
0x00007ff80c1a0000 - 0x00007ff80c1ad000 	C:\Program Files\Android\Android Studio\jre\jre\bin\management.dll
0x00007ff81b7a0000 - 0x00007ff81b7d3000 	C:\Windows\system32\rsaenh.dll
0x00007ff81c760000 - 0x00007ff81c786000 	C:\Windows\System32\bcrypt.dll
0x00007ff81c280000 - 0x00007ff81c2a8000 	C:\Windows\SYSTEM32\USERENV.dll
0x00007ff81bdb0000 - 0x00007ff81bdbc000 	C:\Windows\SYSTEM32\CRYPTBASE.dll
0x00007ff81b940000 - 0x00007ff81b97d000 	C:\Windows\SYSTEM32\IPHLPAPI.DLL
0x00007ff81de80000 - 0x00007ff81de88000 	C:\Windows\System32\NSI.dll
0x00007ff815870000 - 0x00007ff815886000 	C:\Windows\SYSTEM32\dhcpcsvc6.DLL
0x00007ff815980000 - 0x00007ff81599c000 	C:\Windows\SYSTEM32\dhcpcsvc.DLL
0x00007ff81b980000 - 0x00007ff81ba46000 	C:\Windows\SYSTEM32\DNSAPI.dll
0x00007ff81a640000 - 0x00007ff81a6cc000 	C:\Windows\system32\apphelp.dll
0x00007ffff0160000 - 0x00007ffff0184000 	C:\Program Files\Android\Android Studio\jre\jre\bin\sunec.dll
0x00007ff814750000 - 0x00007ff81475a000 	C:\Windows\System32\rasadhlp.dll
0x00007ff814ed0000 - 0x00007ff814f49000 	C:\Windows\System32\fwpuclnt.dll
0x00007ff806140000 - 0x00007ff80614b000 	C:\Program Files\Android\Android Studio\jre\jre\bin\sunmscapi.dll
0x00007ff81c470000 - 0x00007ff81c64b000 	C:\Windows\System32\CRYPT32.dll
0x00007ff81c3a0000 - 0x00007ff81c3b2000 	C:\Windows\System32\MSASN1.dll

VM Arguments:
jvm_args: -Xmx1536m -Dfile.encoding=windows-1252 -Duser.country=MA -Duser.language=fr -Duser.variant 
java_command: org.gradle.launcher.daemon.bootstrap.GradleDaemon 6.1.1
java_class_path (initial): C:\Users\nsr\.gradle\wrapper\dists\gradle-6.1.1-all\cfmwm155h49vnt3hynmlrsdst\gradle-6.1.1\lib\gradle-launcher-6.1.1.jar
Launcher Type: SUN_STANDARD

Environment Variables:
PATH=C:\Windows\system32;C:\Windows;C:\Windows\System32\Wbem;C:\Windows\System32\WindowsPowerShell\v1.0\;C:\Windows\System32\OpenSSH\;C:\Users\nsr\AppData\Local\Microsoft\WindowsApps;
USERNAME=nsr
OS=Windows_NT
PROCESSOR_IDENTIFIER=Intel64 Family 6 Model 42 Stepping 7, GenuineIntel



---------------  S Y S T E M  ---------------

OS: Windows 10.0 , 64 bit Build 17763 (10.0.17763.1)

CPU:total 4 (initial active 4) (4 cores per cpu, 1 threads per core) family 6 model 42 stepping 7, cmov, cx8, fxsr, mmx, sse, sse2, sse3, ssse3, sse4.1, sse4.2, popcnt, avx, aes, clmul, tsc, tscinvbit

Memory: 4k page, physical 6176804k(532672k free), swap 25051172k(274104k free)

vm_info: OpenJDK 64-Bit Server VM (25.242-b01) for windows-amd64 JRE (1.8.0_242-release-1644-b01), built by "builder" with MS VC++ 10.0 (VS2010)

time: Mon Jun 08 22:45:17 2020
timezone: Paris, Madrid (heure d’été)
elapsed time: 25999 seconds (0d 7h 13m 19s)

